[2026-03-12 05:49:02] production.ERROR: The D:\SahilThakur\phpreactjsnewproject\finalgitpush\karmabackend\bootstrap\cache directory must be present and writable. {"exception":"[object] (Exception(code: 0): The D:\\SahilThakur\\phpreactjsnewproject\\finalgitpush\\karmabackend\\bootstrap\\cache directory must be present and writable. at D:/SahilThakur/phpreactjsnewproject/finalgitpush/karmabackend/vendor/laravel/framework/src/Illuminate/Foundation/PackageManifest.php:179)
[stacktrace]
#0 D:/SahilThakur/phpreactjsnewproject/finalgitpush/karmabackend/vendor/laravel/framework/src/Illuminate/Foundation/PackageManifest.php(132): Illuminate/Foundation/PackageManifest->write(Array)
#1 D:/SahilThakur/phpreactjsnewproject/finalgitpush/karmabackend/vendor/laravel/framework/src/Illuminate/Foundation/PackageManifest.php(108): Illuminate/Foundation/PackageManifest->build()
#2 D:/SahilThakur/phpreactjsnewproject/finalgitpush/karmabackend/vendor/laravel/framework/src/Illuminate/Foundation/PackageManifest.php(91): Illuminate/Foundation/PackageManifest->getManifest()
#3 D:/SahilThakur/phpreactjsnewproject/finalgitpush/karmabackend/vendor/laravel/framework/src/Illuminate/Foundation/PackageManifest.php(80): Illuminate/Foundation/PackageManifest->config('aliases')
#4 D:/SahilThakur/phpreactjsnewproject/finalgitpush/karmabackend/vendor/laravel/framework/src/Illuminate/Foundation/Bootstrap/RegisterFacades.php(26): Illuminate/Foundation/PackageManifest->aliases()
#5 D:/SahilThakur/phpreactjsnewproject/finalgitpush/karmabackend/vendor/laravel/framework/src/Illuminate/Foundation/Application.php(342): Illuminate/Foundation/Bootstrap/RegisterFacades->bootstrap(Object(Illuminate/Foundation/Application))
#6 D:/SahilThakur/phpreactjsnewproject/finalgitpush/karmabackend/vendor/laravel/framework/src/Illuminate/Foundation/Console/Kernel.php(474): Illuminate/Foundation/Application->bootstrapWith(Array)
#7 D:/SahilThakur/phpreactjsnewproject/finalgitpush/karmabackend/vendor/laravel/framework/src/Illuminate/Foundation/Console/Kernel.php(196): Illuminate/Foundation/Console/Kernel->bootstrap()
#8 D:/SahilThakur/phpreactjsnewproject/finalgitpush/karmabackend/artisan(12): Illuminate/Foundation/Console/Kernel->handle(Object(Symfony/Component/Console/Input/ArgvInput), Object(Symfony/Component/Console/Output/ConsoleOutput))
#9 {main}
"} 
[2026-03-12 05:50:27] production.ERROR: The D:\SahilThakur\phpreactjsnewproject\finalgitpush\karmabackend\bootstrap\cache directory must be present and writable. {"exception":"[object] (Exception(code: 0): The D:\\SahilThakur\\phpreactjsnewproject\\finalgitpush\\karmabackend\\bootstrap\\cache directory must be present and writable. at D:/SahilThakur/phpreactjsnewproject/finalgitpush/karmabackend/vendor/laravel/framework/src/Illuminate/Foundation/PackageManifest.php:179)
[stacktrace]
#0 D:/SahilThakur/phpreactjsnewproject/finalgitpush/karmabackend/vendor/laravel/framework/src/Illuminate/Foundation/PackageManifest.php(132): Illuminate/Foundation/PackageManifest->write(Array)
#1 D:/SahilThakur/phpreactjsnewproject/finalgitpush/karmabackend/vendor/laravel/framework/src/Illuminate/Foundation/PackageManifest.php(108): Illuminate/Foundation/PackageManifest->build()
#2 D:/SahilThakur/phpreactjsnewproject/finalgitpush/karmabackend/vendor/laravel/framework/src/Illuminate/Foundation/PackageManifest.php(91): Illuminate/Foundation/PackageManifest->getManifest()
#3 D:/SahilThakur/phpreactjsnewproject/finalgitpush/karmabackend/vendor/laravel/framework/src/Illuminate/Foundation/PackageManifest.php(80): Illuminate/Foundation/PackageManifest->config('aliases')
#4 D:/SahilThakur/phpreactjsnewproject/finalgitpush/karmabackend/vendor/laravel/framework/src/Illuminate/Foundation/Bootstrap/RegisterFacades.php(26): Illuminate/Foundation/PackageManifest->aliases()
#5 D:/SahilThakur/phpreactjsnewproject/finalgitpush/karmabackend/vendor/laravel/framework/src/Illuminate/Foundation/Application.php(342): Illuminate/Foundation/Bootstrap/RegisterFacades->bootstrap(Object(Illuminate/Foundation/Application))
#6 D:/SahilThakur/phpreactjsnewproject/finalgitpush/karmabackend/vendor/laravel/framework/src/Illuminate/Foundation/Console/Kernel.php(474): Illuminate/Foundation/Application->bootstrapWith(Array)
#7 D:/SahilThakur/phpreactjsnewproject/finalgitpush/karmabackend/vendor/laravel/framework/src/Illuminate/Foundation/Console/Kernel.php(196): Illuminate/Foundation/Console/Kernel->bootstrap()
#8 D:/SahilThakur/phpreactjsnewproject/finalgitpush/karmabackend/artisan(12): Illuminate/Foundation/Console/Kernel->handle(Object(Symfony/Component/Console/Input/ArgvInput), Object(Symfony/Component/Console/Output/ConsoleOutput))
#9 {main}
"} 
[2026-03-12 06:11:03] local.ERROR: Rate limiter [api] is not defined. {"tenant_id":null,"user_id":null,"request_id":"f8d42691-55fa-4eda-87e0-9c3aefb25265","exception":"[object] (Illuminate\\Routing\\Exceptions\\MissingRateLimiterException(code: 0): Rate limiter [api] is not defined. at D:/SahilThakur/phpreactjsnewproject/finalgitpush/karmabackend/vendor/laravel/framework/src/Illuminate/Routing/Exceptions/MissingRateLimiterException.php:17)
[stacktrace]
#0 D:/SahilThakur/phpreactjsnewproject/finalgitpush/karmabackend/vendor/laravel/framework/src/Illuminate/Routing/Middleware/ThrottleRequests.php(198): Illuminate/Routing/Exceptions/MissingRateLimiterException::forLimiter('api')
#1 D:/SahilThakur/phpreactjsnewproject/finalgitpush/karmabackend/vendor/laravel/framework/src/Illuminate/Routing/Middleware/ThrottleRequests.php(98): Illuminate/Routing/Middleware/ThrottleRequests->resolveMaxAttempts(Object(Illuminate/Http/Request), 'api')
#2 D:/SahilThakur/phpreactjsnewproject/finalgitpush/karmabackend/vendor/laravel/framework/src/Illuminate/Pipeline/Pipeline.php(209): Illuminate/Routing/Middleware/ThrottleRequests->handle(Object(Illuminate/Http/Request), Object(Closure), 'api')
#3 D:/SahilThakur/phpreactjsnewproject/finalgitpush/karmabackend/app/Http/Middleware/SecurityHeaders.php(14): Illuminate/Pipeline/Pipeline->Illuminate/Pipeline/{closure}(Object(Illuminate/Http/Request))
#4 D:/SahilThakur/phpreactjsnewproject/finalgitpush/karmabackend/vendor/laravel/framework/src/Illuminate/Pipeline/Pipeline.php(209): App/Http/Middleware/SecurityHeaders->handle(Object(Illuminate/Http/Request), Object(Closure))
#5 D:/SahilThakur/phpreactjsnewproject/finalgitpush/karmabackend/app/Http/Middleware/LogContext.php(27): Illuminate/Pipeline/Pipeline->Illuminate/Pipeline/{closure}(Object(Illuminate/Http/Request))
#6 D:/SahilThakur/phpreactjsnewproject/finalgitpush/karmabackend/vendor/laravel/framework/src/Illuminate/Pipeline/Pipeline.php(209): App/Http/Middleware/LogContext->handle(Object(Illuminate/Http/Request), Object(Closure))
#7 D:/SahilThakur/phpreactjsnewproject/finalgitpush/karmabackend/app/Http/Middleware/AddRequestId.php(18): Illuminate/Pipeline/Pipeline->Illuminate/Pipeline/{closure}(Object(Illuminate/Http/Request))
#8 D:/SahilThakur/phpreactjsnewproject/finalgitpush/karmabackend/vendor/laravel/framework/src/Illuminate/Pipeline/Pipeline.php(209): App/Http/Middleware/AddRequestId->handle(Object(Illuminate/Http/Request), Object(Closure))
#9 D:/SahilThakur/phpreactjsnewproject/finalgitpush/karmabackend/vendor/laravel/sanctum/src/Http/Middleware/EnsureFrontendRequestsAreStateful.php(26): Illuminate/Pipeline/Pipeline->Illuminate/Pipeline/{closure}(Object(Illuminate/Http/Request))
#10 D:/SahilThakur/phpreactjsnewproject/finalgitpush/karmabackend/vendor/laravel/framework/src/Illuminate/Pipeline/Pipeline.php(170): Laravel/Sanctum/Http/Middleware/EnsureFrontendRequestsAreStateful->Laravel/Sanctum/Http/Middleware/{closure}(Object(Illuminate/Http/Request))
#11 D:/SahilThakur/phpreactjsnewproject/finalgitpush/karmabackend/vendor/laravel/framework/src/Illuminate/Pipeline/Pipeline.php(127): Illuminate/Pipeline/Pipeline->Illuminate/Pipeline/{closure}(Object(Illuminate/Http/Request))
#12 D:/SahilThakur/phpreactjsnewproject/finalgitpush/karmabackend/vendor/laravel/sanctum/src/Http/Middleware/EnsureFrontendRequestsAreStateful.php(25): Illuminate/Pipeline/Pipeline->then(Object(Closure))
#13 D:/SahilThakur/phpreactjsnewproject/finalgitpush/karmabackend/vendor/laravel/framework/src/Illuminate/Pipeline/Pipeline.php(209): Laravel/Sanctum/Http/Middleware/EnsureFrontendRequestsAreStateful->handle(Object(Illuminate/Http/Request), Object(Closure))
#14 D:/SahilThakur/phpreactjsnewproject/finalgitpush/karmabackend/vendor/laravel/framework/src/Illuminate/Pipeline/Pipeline.php(127): Illuminate/Pipeline/Pipeline->Illuminate/Pipeline/{closure}(Object(Illuminate/Http/Request))
#15 D:/SahilThakur/phpreactjsnewproject/finalgitpush/karmabackend/vendor/laravel/framework/src/Illuminate/Routing/Router.php(807): Illuminate/Pipeline/Pipeline->then(Object(Closure))
#16 D:/SahilThakur/phpreactjsnewproject/finalgitpush/karmabackend/vendor/laravel/framework/src/Illuminate/Routing/Router.php(786): Illuminate/Routing/Router->runRouteWithinStack(Object(Illuminate/Routing/Route), Object(Illuminate/Http/Request))
#17 D:/SahilThakur/phpreactjsnewproject/finalgitpush/karmabackend/vendor/laravel/framework/src/Illuminate/Routing/Router.php(750): Illuminate/Routing/Router->runRoute(Object(Illuminate/Http/Request), Object(Illuminate/Routing/Route))
#18 D:/SahilThakur/phpreactjsnewproject/finalgitpush/karmabackend/vendor/laravel/framework/src/Illuminate/Routing/Router.php(739): Illuminate/Routing/Router->dispatchToRoute(Object(Illuminate/Http/Request))
#19 D:/SahilThakur/phpreactjsnewproject/finalgitpush/karmabackend/vendor/laravel/framework/src/Illuminate/Foundation/Http/Kernel.php(201): Illuminate/Routing/Router->dispatch(Object(Illuminate/Http/Request))
#20 D:/SahilThakur/phpreactjsnewproject/finalgitpush/karmabackend/vendor/laravel/framework/src/Illuminate/Pipeline/Pipeline.php(170): Illuminate/Foundation/Http/Kernel->Illuminate/Foundation/Http/{closure}(Object(Illuminate/Http/Request))
#21 D:/SahilThakur/phpreactjsnewproject/finalgitpush/karmabackend/vendor/laravel/framework/src/Illuminate/Foundation/Http/Middleware/TransformsRequest.php(21): Illuminate/Pipeline/Pipeline->Illuminate/Pipeline/{closure}(Object(Illuminate/Http/Request))
#22 D:/SahilThakur/phpreactjsnewproject/finalgitpush/karmabackend/vendor/laravel/framework/src/Illuminate/Foundation/Http/Middleware/ConvertEmptyStringsToNull.php(31): Illuminate/Foundation/Http/Middleware/TransformsRequest->handle(Object(Illuminate/Http/Request), Object(Closure))
#23 D:/SahilThakur/phpreactjsnewproject/finalgitpush/karmabackend/vendor/laravel/framework/src/Illuminate/Pipeline/Pipeline.php(209): Illuminate/Foundation/Http/Middleware/ConvertEmptyStringsToNull->handle(Object(Illuminate/Http/Request), Object(Closure))
#24 D:/SahilThakur/phpreactjsnewproject/finalgitpush/karmabackend/vendor/laravel/framework/src/Illuminate/Foundation/Http/Middleware/TransformsRequest.php(21): Illuminate/Pipeline/Pipeline->Illuminate/Pipeline/{closure}(Object(Illuminate/Http/Request))
#25 D:/SahilThakur/phpreactjsnewproject/finalgitpush/karmabackend/vendor/laravel/framework/src/Illuminate/Foundation/Http/Middleware/TrimStrings.php(51): Illuminate/Foundation/Http/Middleware/TransformsRequest->handle(Object(Illuminate/Http/Request), Object(Closure))
#26 D:/SahilThakur/phpreactjsnewproject/finalgitpush/karmabackend/vendor/laravel/framework/src/Illuminate/Pipeline/Pipeline.php(209): Illuminate/Foundation/Http/Middleware/TrimStrings->handle(Object(Illuminate/Http/Request), Object(Closure))
#27 D:/SahilThakur/phpreactjsnewproject/finalgitpush/karmabackend/vendor/laravel/framework/src/Illuminate/Http/Middleware/ValidatePostSize.php(27): Illuminate/Pipeline/Pipeline->Illuminate/Pipeline/{closure}(Object(Illuminate/Http/Request))
#28 D:/SahilThakur/phpreactjsnewproject/finalgitpush/karmabackend/vendor/laravel/framework/src/Illuminate/Pipeline/Pipeline.php(209): Illuminate/Http/Middleware/ValidatePostSize->handle(Object(Illuminate/Http/Request), Object(Closure))
#29 D:/SahilThakur/phpreactjsnewproject/finalgitpush/karmabackend/vendor/laravel/framework/src/Illuminate/Foundation/Http/Middleware/PreventRequestsDuringMaintenance.php(110): Illuminate/Pipeline/Pipeline->Illuminate/Pipeline/{closure}(Object(Illuminate/Http/Request))
#30 D:/SahilThakur/phpreactjsnewproject/finalgitpush/karmabackend/vendor/laravel/framework/src/Illuminate/Pipeline/Pipeline.php(209): Illuminate/Foundation/Http/Middleware/PreventRequestsDuringMaintenance->handle(Object(Illuminate/Http/Request), Object(Closure))
#31 D:/SahilThakur/phpreactjsnewproject/finalgitpush/karmabackend/vendor/laravel/framework/src/Illuminate/Http/Middleware/HandleCors.php(62): Illuminate/Pipeline/Pipeline->Illuminate/Pipeline/{closure}(Object(Illuminate/Http/Request))
#32 D:/SahilThakur/phpreactjsnewproject/finalgitpush/karmabackend/vendor/laravel/framework/src/Illuminate/Pipeline/Pipeline.php(209): Illuminate/Http/Middleware/HandleCors->handle(Object(Illuminate/Http/Request), Object(Closure))
#33 D:/SahilThakur/phpreactjsnewproject/finalgitpush/karmabackend/vendor/laravel/framework/src/Illuminate/Http/Middleware/TrustProxies.php(58): Illuminate/Pipeline/Pipeline->Illuminate/Pipeline/{closure}(Object(Illuminate/Http/Request))
#34 D:/SahilThakur/phpreactjsnewproject/finalgitpush/karmabackend/vendor/laravel/framework/src/Illuminate/Pipeline/Pipeline.php(209): Illuminate/Http/Middleware/TrustProxies->handle(Object(Illuminate/Http/Request), Object(Closure))
#35 D:/SahilThakur/phpreactjsnewproject/finalgitpush/karmabackend/vendor/laravel/framework/src/Illuminate/Foundation/Http/Middleware/InvokeDeferredCallbacks.php(22): Illuminate/Pipeline/Pipeline->Illuminate/Pipeline/{closure}(Object(Illuminate/Http/Request))
#36 D:/SahilThakur/phpreactjsnewproject/finalgitpush/karmabackend/vendor/laravel/framework/src/Illuminate/Pipeline/Pipeline.php(209): Illuminate/Foundation/Http/Middleware/InvokeDeferredCallbacks->handle(Object(Illuminate/Http/Request), Object(Closure))
#37 D:/SahilThakur/phpreactjsnewproject/finalgitpush/karmabackend/vendor/laravel/framework/src/Illuminate/Pipeline/Pipeline.php(127): Illuminate/Pipeline/Pipeline->Illuminate/Pipeline/{closure}(Object(Illuminate/Http/Request))
#38 D:/SahilThakur/phpreactjsnewproject/finalgitpush/karmabackend/vendor/laravel/framework/src/Illuminate/Foundation/Http/Kernel.php(176): Illuminate/Pipeline/Pipeline->then(Object(Closure))
#39 D:/SahilThakur/phpreactjsnewproject/finalgitpush/karmabackend/vendor/laravel/framework/src/Illuminate/Foundation/Http/Kernel.php(145): Illuminate/Foundation/Http/Kernel->sendRequestThroughRouter(Object(Illuminate/Http/Request))
#40 D:/SahilThakur/phpreactjsnewproject/finalgitpush/karmabackend/vendor/laravel/framework/src/Illuminate/Foundation/Application.php(1220): Illuminate/Foundation/Http/Kernel->handle(Object(Illuminate/Http/Request))
#41 D:/SahilThakur/phpreactjsnewproject/finalgitpush/karmabackend/public/index.php(11): Illuminate/Foundation/Application->handleRequest(Object(Illuminate/Http/Request))
#42 D:/SahilThakur/phpreactjsnewproject/finalgitpush/karmabackend/vendor/laravel/framework/src/Illuminate/Foundation/resources/server.php(23): require_once('D://SahilThakur//...')
#43 {main}
"} 
[2026-03-12 06:18:25] local.ERROR: SQLSTATE[42703]: Undefined column: 7 ERROR:  column "status" does not exist
LINE 1: ...ps" where "tenant_id" = $1 and "user_id" = $2 and "status" =...
                                                             ^ (Connection: pgsql, SQL: select * from "tenant_memberships" where "tenant_id" = 1 and "user_id" = 1 and "status" = active limit 1) {"tenant_id":null,"user_id":1,"request_id":"e3867647-3434-4fc4-ae34-e97c590ad625","userId":1,"exception":"[object] (Illuminate\\Database\\QueryException(code: 42703): SQLSTATE[42703]: Undefined column: 7 ERROR:  column \"status\" does not exist
LINE 1: ...ps\" where \"tenant_id\" = $1 and \"user_id\" = $2 and \"status\" =...
                                                             ^ (Connection: pgsql, SQL: select * from \"tenant_memberships\" where \"tenant_id\" = 1 and \"user_id\" = 1 and \"status\" = active limit 1) at D:/SahilThakur/phpreactjsnewproject/finalgitpush/karmabackend/vendor/laravel/framework/src/Illuminate/Database/Connection.php:825)
[stacktrace]
#0 D:/SahilThakur/phpreactjsnewproject/finalgitpush/karmabackend/vendor/laravel/framework/src/Illuminate/Database/Connection.php(779): Illuminate/Database/Connection->runQueryCallback('select * from \"...', Array, Object(Closure))
#1 D:/SahilThakur/phpreactjsnewproject/finalgitpush/karmabackend/vendor/laravel/framework/src/Illuminate/Database/Connection.php(398): Illuminate/Database/Connection->run('select * from \"...', Array, Object(Closure))
#2 D:/SahilThakur/phpreactjsnewproject/finalgitpush/karmabackend/vendor/laravel/framework/src/Illuminate/Database/Query/Builder.php(3106): Illuminate/Database/Connection->select('select * from \"...', Array, true)
#3 D:/SahilThakur/phpreactjsnewproject/finalgitpush/karmabackend/vendor/laravel/framework/src/Illuminate/Database/Query/Builder.php(3091): Illuminate/Database/Query/Builder->runSelect()
#4 D:/SahilThakur/phpreactjsnewproject/finalgitpush/karmabackend/vendor/laravel/framework/src/Illuminate/Database/Query/Builder.php(3676): Illuminate/Database/Query/Builder->Illuminate/Database/Query/{closure}()
#5 D:/SahilThakur/phpreactjsnewproject/finalgitpush/karmabackend/vendor/laravel/framework/src/Illuminate/Database/Query/Builder.php(3090): Illuminate/Database/Query/Builder->onceWithColumns(Array, Object(Closure))
#6 D:/SahilThakur/phpreactjsnewproject/finalgitpush/karmabackend/vendor/laravel/framework/src/Illuminate/Database/Eloquent/Builder.php(811): Illuminate/Database/Query/Builder->get(Array)
#7 D:/SahilThakur/phpreactjsnewproject/finalgitpush/karmabackend/vendor/laravel/framework/src/Illuminate/Database/Eloquent/Builder.php(793): Illuminate/Database/Eloquent/Builder->getModels(Array)
#8 D:/SahilThakur/phpreactjsnewproject/finalgitpush/karmabackend/vendor/laravel/framework/src/Illuminate/Database/Concerns/BuildsQueries.php(343): Illuminate/Database/Eloquent/Builder->get(Array)
#9 D:/SahilThakur/phpreactjsnewproject/finalgitpush/karmabackend/app/Http/Controllers/Api/MeController.php(22): Illuminate/Database/Eloquent/Builder->first()
#10 D:/SahilThakur/phpreactjsnewproject/finalgitpush/karmabackend/vendor/laravel/framework/src/Illuminate/Routing/ControllerDispatcher.php(47): App/Http/Controllers/Api/MeController->me(Object(Illuminate/Http/Request))
#11 D:/SahilThakur/phpreactjsnewproject/finalgitpush/karmabackend/vendor/laravel/framework/src/Illuminate/Routing/Route.php(266): Illuminate/Routing/ControllerDispatcher->dispatch(Object(Illuminate/Routing/Route), Object(App/Http/Controllers/Api/MeController), 'me')
#12 D:/SahilThakur/phpreactjsnewproject/finalgitpush/karmabackend/vendor/laravel/framework/src/Illuminate/Routing/Route.php(212): Illuminate/Routing/Route->runController()
#13 D:/SahilThakur/phpreactjsnewproject/finalgitpush/karmabackend/vendor/laravel/framework/src/Illuminate/Routing/Router.php(808): Illuminate/Routing/Route->run()
#14 D:/SahilThakur/phpreactjsnewproject/finalgitpush/karmabackend/vendor/laravel/framework/src/Illuminate/Pipeline/Pipeline.php(170): Illuminate/Routing/Router->Illuminate/Routing/{closure}(Object(Illuminate/Http/Request))
#15 D:/SahilThakur/phpreactjsnewproject/finalgitpush/karmabackend/app/Http/Middleware/ResolveTenant.php(48): Illuminate/Pipeline/Pipeline->Illuminate/Pipeline/{closure}(Object(Illuminate/Http/Request))
#16 D:/SahilThakur/phpreactjsnewproject/finalgitpush/karmabackend/vendor/laravel/framework/src/Illuminate/Pipeline/Pipeline.php(209): App/Http/Middleware/ResolveTenant->handle(Object(Illuminate/Http/Request), Object(Closure))
#17 D:/SahilThakur/phpreactjsnewproject/finalgitpush/karmabackend/vendor/laravel/framework/src/Illuminate/Routing/Middleware/SubstituteBindings.php(51): Illuminate/Pipeline/Pipeline->Illuminate/Pipeline/{closure}(Object(Illuminate/Http/Request))
#18 D:/SahilThakur/phpreactjsnewproject/finalgitpush/karmabackend/vendor/laravel/framework/src/Illuminate/Pipeline/Pipeline.php(209): Illuminate/Routing/Middleware/SubstituteBindings->handle(Object(Illuminate/Http/Request), Object(Closure))
#19 D:/SahilThakur/phpreactjsnewproject/finalgitpush/karmabackend/vendor/laravel/framework/src/Illuminate/Routing/Middleware/ThrottleRequests.php(161): Illuminate/Pipeline/Pipeline->Illuminate/Pipeline/{closure}(Object(Illuminate/Http/Request))
#20 D:/SahilThakur/phpreactjsnewproject/finalgitpush/karmabackend/vendor/laravel/framework/src/Illuminate/Routing/Middleware/ThrottleRequests.php(127): Illuminate/Routing/Middleware/ThrottleRequests->handleRequest(Object(Illuminate/Http/Request), Object(Closure), Array)
#21 D:/SahilThakur/phpreactjsnewproject/finalgitpush/karmabackend/vendor/laravel/framework/src/Illuminate/Routing/Middleware/ThrottleRequests.php(89): Illuminate/Routing/Middleware/ThrottleRequests->handleRequestUsingNamedLimiter(Object(Illuminate/Http/Request), Object(Closure), 'api', Object(Closure))
#22 D:/SahilThakur/phpreactjsnewproject/finalgitpush/karmabackend/vendor/laravel/framework/src/Illuminate/Pipeline/Pipeline.php(209): Illuminate/Routing/Middleware/ThrottleRequests->handle(Object(Illuminate/Http/Request), Object(Closure), 'api')
#23 D:/SahilThakur/phpreactjsnewproject/finalgitpush/karmabackend/vendor/laravel/framework/src/Illuminate/Auth/Middleware/Authenticate.php(64): Illuminate/Pipeline/Pipeline->Illuminate/Pipeline/{closure}(Object(Illuminate/Http/Request))
#24 D:/SahilThakur/phpreactjsnewproject/finalgitpush/karmabackend/vendor/laravel/framework/src/Illuminate/Pipeline/Pipeline.php(209): Illuminate/Auth/Middleware/Authenticate->handle(Object(Illuminate/Http/Request), Object(Closure), 'sanctum')
#25 D:/SahilThakur/phpreactjsnewproject/finalgitpush/karmabackend/app/Http/Middleware/SecurityHeaders.php(14): Illuminate/Pipeline/Pipeline->Illuminate/Pipeline/{closure}(Object(Illuminate/Http/Request))
#26 D:/SahilThakur/phpreactjsnewproject/finalgitpush/karmabackend/vendor/laravel/framework/src/Illuminate/Pipeline/Pipeline.php(209): App/Http/Middleware/SecurityHeaders->handle(Object(Illuminate/Http/Request), Object(Closure))
#27 D:/SahilThakur/phpreactjsnewproject/finalgitpush/karmabackend/app/Http/Middleware/LogContext.php(27): Illuminate/Pipeline/Pipeline->Illuminate/Pipeline/{closure}(Object(Illuminate/Http/Request))
#28 D:/SahilThakur/phpreactjsnewproject/finalgitpush/karmabackend/vendor/laravel/framework/src/Illuminate/Pipeline/Pipeline.php(209): App/Http/Middleware/LogContext->handle(Object(Illuminate/Http/Request), Object(Closure))
#29 D:/SahilThakur/phpreactjsnewproject/finalgitpush/karmabackend/app/Http/Middleware/AddRequestId.php(18): Illuminate/Pipeline/Pipeline->Illuminate/Pipeline/{closure}(Object(Illuminate/Http/Request))
#30 D:/SahilThakur/phpreactjsnewproject/finalgitpush/karmabackend/vendor/laravel/framework/src/Illuminate/Pipeline/Pipeline.php(209): App/Http/Middleware/AddRequestId->handle(Object(Illuminate/Http/Request), Object(Closure))
#31 D:/SahilThakur/phpreactjsnewproject/finalgitpush/karmabackend/vendor/laravel/sanctum/src/Http/Middleware/EnsureFrontendRequestsAreStateful.php(26): Illuminate/Pipeline/Pipeline->Illuminate/Pipeline/{closure}(Object(Illuminate/Http/Request))
#32 D:/SahilThakur/phpreactjsnewproject/finalgitpush/karmabackend/vendor/laravel/framework/src/Illuminate/Pipeline/Pipeline.php(170): Laravel/Sanctum/Http/Middleware/EnsureFrontendRequestsAreStateful->Laravel/Sanctum/Http/Middleware/{closure}(Object(Illuminate/Http/Request))
#33 D:/SahilThakur/phpreactjsnewproject/finalgitpush/karmabackend/vendor/laravel/framework/src/Illuminate/Pipeline/Pipeline.php(127): Illuminate/Pipeline/Pipeline->Illuminate/Pipeline/{closure}(Object(Illuminate/Http/Request))
#34 D:/SahilThakur/phpreactjsnewproject/finalgitpush/karmabackend/vendor/laravel/sanctum/src/Http/Middleware/EnsureFrontendRequestsAreStateful.php(25): Illuminate/Pipeline/Pipeline->then(Object(Closure))
#35 D:/SahilThakur/phpreactjsnewproject/finalgitpush/karmabackend/vendor/laravel/framework/src/Illuminate/Pipeline/Pipeline.php(209): Laravel/Sanctum/Http/Middleware/EnsureFrontendRequestsAreStateful->handle(Object(Illuminate/Http/Request), Object(Closure))
#36 D:/SahilThakur/phpreactjsnewproject/finalgitpush/karmabackend/vendor/laravel/framework/src/Illuminate/Pipeline/Pipeline.php(127): Illuminate/Pipeline/Pipeline->Illuminate/Pipeline/{closure}(Object(Illuminate/Http/Request))
#37 D:/SahilThakur/phpreactjsnewproject/finalgitpush/karmabackend/vendor/laravel/framework/src/Illuminate/Routing/Router.php(807): Illuminate/Pipeline/Pipeline->then(Object(Closure))
#38 D:/SahilThakur/phpreactjsnewproject/finalgitpush/karmabackend/vendor/laravel/framework/src/Illuminate/Routing/Router.php(786): Illuminate/Routing/Router->runRouteWithinStack(Object(Illuminate/Routing/Route), Object(Illuminate/Http/Request))
#39 D:/SahilThakur/phpreactjsnewproject/finalgitpush/karmabackend/vendor/laravel/framework/src/Illuminate/Routing/Router.php(750): Illuminate/Routing/Router->runRoute(Object(Illuminate/Http/Request), Object(Illuminate/Routing/Route))
#40 D:/SahilThakur/phpreactjsnewproject/finalgitpush/karmabackend/vendor/laravel/framework/src/Illuminate/Routing/Router.php(739): Illuminate/Routing/Router->dispatchToRoute(Object(Illuminate/Http/Request))
#41 D:/SahilThakur/phpreactjsnewproject/finalgitpush/karmabackend/vendor/laravel/framework/src/Illuminate/Foundation/Http/Kernel.php(201): Illuminate/Routing/Router->dispatch(Object(Illuminate/Http/Request))
#42 D:/SahilThakur/phpreactjsnewproject/finalgitpush/karmabackend/vendor/laravel/framework/src/Illuminate/Pipeline/Pipeline.php(170): Illuminate/Foundation/Http/Kernel->Illuminate/Foundation/Http/{closure}(Object(Illuminate/Http/Request))
#43 D:/SahilThakur/phpreactjsnewproject/finalgitpush/karmabackend/vendor/laravel/framework/src/Illuminate/Foundation/Http/Middleware/TransformsRequest.php(21): Illuminate/Pipeline/Pipeline->Illuminate/Pipeline/{closure}(Object(Illuminate/Http/Request))
#44 D:/SahilThakur/phpreactjsnewproject/finalgitpush/karmabackend/vendor/laravel/framework/src/Illuminate/Foundation/Http/Middleware/ConvertEmptyStringsToNull.php(31): Illuminate/Foundation/Http/Middleware/TransformsRequest->handle(Object(Illuminate/Http/Request), Object(Closure))
#45 D:/SahilThakur/phpreactjsnewproject/finalgitpush/karmabackend/vendor/laravel/framework/src/Illuminate/Pipeline/Pipeline.php(209): Illuminate/Foundation/Http/Middleware/ConvertEmptyStringsToNull->handle(Object(Illuminate/Http/Request), Object(Closure))
#46 D:/SahilThakur/phpreactjsnewproject/finalgitpush/karmabackend/vendor/laravel/framework/src/Illuminate/Foundation/Http/Middleware/TransformsRequest.php(21): Illuminate/Pipeline/Pipeline->Illuminate/Pipeline/{closure}(Object(Illuminate/Http/Request))
#47 D:/SahilThakur/phpreactjsnewproject/finalgitpush/karmabackend/vendor/laravel/framework/src/Illuminate/Foundation/Http/Middleware/TrimStrings.php(51): Illuminate/Foundation/Http/Middleware/TransformsRequest->handle(Object(Illuminate/Http/Request), Object(Closure))
#48 D:/SahilThakur/phpreactjsnewproject/finalgitpush/karmabackend/vendor/laravel/framework/src/Illuminate/Pipeline/Pipeline.php(209): Illuminate/Foundation/Http/Middleware/TrimStrings->handle(Object(Illuminate/Http/Request), Object(Closure))
#49 D:/SahilThakur/phpreactjsnewproject/finalgitpush/karmabackend/vendor/laravel/framework/src/Illuminate/Http/Middleware/ValidatePostSize.php(27): Illuminate/Pipeline/Pipeline->Illuminate/Pipeline/{closure}(Object(Illuminate/Http/Request))
#50 D:/SahilThakur/phpreactjsnewproject/finalgitpush/karmabackend/vendor/laravel/framework/src/Illuminate/Pipeline/Pipeline.php(209): Illuminate/Http/Middleware/ValidatePostSize->handle(Object(Illuminate/Http/Request), Object(Closure))
#51 D:/SahilThakur/phpreactjsnewproject/finalgitpush/karmabackend/vendor/laravel/framework/src/Illuminate/Foundation/Http/Middleware/PreventRequestsDuringMaintenance.php(110): Illuminate/Pipeline/Pipeline->Illuminate/Pipeline/{closure}(Object(Illuminate/Http/Request))
#52 D:/SahilThakur/phpreactjsnewproject/finalgitpush/karmabackend/vendor/laravel/framework/src/Illuminate/Pipeline/Pipeline.php(209): Illuminate/Foundation/Http/Middleware/PreventRequestsDuringMaintenance->handle(Object(Illuminate/Http/Request), Object(Closure))
#53 D:/SahilThakur/phpreactjsnewproject/finalgitpush/karmabackend/vendor/laravel/framework/src/Illuminate/Http/Middleware/HandleCors.php(62): Illuminate/Pipeline/Pipeline->Illuminate/Pipeline/{closure}(Object(Illuminate/Http/Request))
#54 D:/SahilThakur/phpreactjsnewproject/finalgitpush/karmabackend/vendor/laravel/framework/src/Illuminate/Pipeline/Pipeline.php(209): Illuminate/Http/Middleware/HandleCors->handle(Object(Illuminate/Http/Request), Object(Closure))
#55 D:/SahilThakur/phpreactjsnewproject/finalgitpush/karmabackend/vendor/laravel/framework/src/Illuminate/Http/Middleware/TrustProxies.php(58): Illuminate/Pipeline/Pipeline->Illuminate/Pipeline/{closure}(Object(Illuminate/Http/Request))
#56 D:/SahilThakur/phpreactjsnewproject/finalgitpush/karmabackend/vendor/laravel/framework/src/Illuminate/Pipeline/Pipeline.php(209): Illuminate/Http/Middleware/TrustProxies->handle(Object(Illuminate/Http/Request), Object(Closure))
#57 D:/SahilThakur/phpreactjsnewproject/finalgitpush/karmabackend/vendor/laravel/framework/src/Illuminate/Foundation/Http/Middleware/InvokeDeferredCallbacks.php(22): Illuminate/Pipeline/Pipeline->Illuminate/Pipeline/{closure}(Object(Illuminate/Http/Request))
#58 D:/SahilThakur/phpreactjsnewproject/finalgitpush/karmabackend/vendor/laravel/framework/src/Illuminate/Pipeline/Pipeline.php(209): Illuminate/Foundation/Http/Middleware/InvokeDeferredCallbacks->handle(Object(Illuminate/Http/Request), Object(Closure))
#59 D:/SahilThakur/phpreactjsnewproject/finalgitpush/karmabackend/vendor/laravel/framework/src/Illuminate/Pipeline/Pipeline.php(127): Illuminate/Pipeline/Pipeline->Illuminate/Pipeline/{closure}(Object(Illuminate/Http/Request))
#60 D:/SahilThakur/phpreactjsnewproject/finalgitpush/karmabackend/vendor/laravel/framework/src/Illuminate/Foundation/Http/Kernel.php(176): Illuminate/Pipeline/Pipeline->then(Object(Closure))
#61 D:/SahilThakur/phpreactjsnewproject/finalgitpush/karmabackend/vendor/laravel/framework/src/Illuminate/Foundation/Http/Kernel.php(145): Illuminate/Foundation/Http/Kernel->sendRequestThroughRouter(Object(Illuminate/Http/Request))
#62 D:/SahilThakur/phpreactjsnewproject/finalgitpush/karmabackend/vendor/laravel/framework/src/Illuminate/Foundation/Application.php(1220): Illuminate/Foundation/Http/Kernel->handle(Object(Illuminate/Http/Request))
#63 D:/SahilThakur/phpreactjsnewproject/finalgitpush/karmabackend/public/index.php(11): Illuminate/Foundation/Application->handleRequest(Object(Illuminate/Http/Request))
#64 D:/SahilThakur/phpreactjsnewproject/finalgitpush/karmabackend/vendor/laravel/framework/src/Illuminate/Foundation/resources/server.php(23): require_once('D://SahilThakur//...')
#65 {main}

[previous exception] [object] (PDOException(code: 42703): SQLSTATE[42703]: Undefined column: 7 ERROR:  column \"status\" does not exist
LINE 1: ...ps\" where \"tenant_id\" = $1 and \"user_id\" = $2 and \"status\" =...
                                                             ^ at D:/SahilThakur/phpreactjsnewproject/finalgitpush/karmabackend/vendor/laravel/framework/src/Illuminate/Database/Connection.php:412)
[stacktrace]
#0 D:/SahilThakur/phpreactjsnewproject/finalgitpush/karmabackend/vendor/laravel/framework/src/Illuminate/Database/Connection.php(412): PDOStatement->execute()
#1 D:/SahilThakur/phpreactjsnewproject/finalgitpush/karmabackend/vendor/laravel/framework/src/Illuminate/Database/Connection.php(812): Illuminate/Database/Connection->Illuminate/Database/{closure}('select * from \"...', Array)
#2 D:/SahilThakur/phpreactjsnewproject/finalgitpush/karmabackend/vendor/laravel/framework/src/Illuminate/Database/Connection.php(779): Illuminate/Database/Connection->runQueryCallback('select * from \"...', Array, Object(Closure))
#3 D:/SahilThakur/phpreactjsnewproject/finalgitpush/karmabackend/vendor/laravel/framework/src/Illuminate/Database/Connection.php(398): Illuminate/Database/Connection->run('select * from \"...', Array, Object(Closure))
#4 D:/SahilThakur/phpreactjsnewproject/finalgitpush/karmabackend/vendor/laravel/framework/src/Illuminate/Database/Query/Builder.php(3106): Illuminate/Database/Connection->select('select * from \"...', Array, true)
#5 D:/SahilThakur/phpreactjsnewproject/finalgitpush/karmabackend/vendor/laravel/framework/src/Illuminate/Database/Query/Builder.php(3091): Illuminate/Database/Query/Builder->runSelect()
#6 D:/SahilThakur/phpreactjsnewproject/finalgitpush/karmabackend/vendor/laravel/framework/src/Illuminate/Database/Query/Builder.php(3676): Illuminate/Database/Query/Builder->Illuminate/Database/Query/{closure}()
#7 D:/SahilThakur/phpreactjsnewproject/finalgitpush/karmabackend/vendor/laravel/framework/src/Illuminate/Database/Query/Builder.php(3090): Illuminate/Database/Query/Builder->onceWithColumns(Array, Object(Closure))
#8 D:/SahilThakur/phpreactjsnewproject/finalgitpush/karmabackend/vendor/laravel/framework/src/Illuminate/Database/Eloquent/Builder.php(811): Illuminate/Database/Query/Builder->get(Array)
#9 D:/SahilThakur/phpreactjsnewproject/finalgitpush/karmabackend/vendor/laravel/framework/src/Illuminate/Database/Eloquent/Builder.php(793): Illuminate/Database/Eloquent/Builder->getModels(Array)
#10 D:/SahilThakur/phpreactjsnewproject/finalgitpush/karmabackend/vendor/laravel/framework/src/Illuminate/Database/Concerns/BuildsQueries.php(343): Illuminate/Database/Eloquent/Builder->get(Array)
#11 D:/SahilThakur/phpreactjsnewproject/finalgitpush/karmabackend/app/Http/Controllers/Api/MeController.php(22): Illuminate/Database/Eloquent/Builder->first()
#12 D:/SahilThakur/phpreactjsnewproject/finalgitpush/karmabackend/vendor/laravel/framework/src/Illuminate/Routing/ControllerDispatcher.php(47): App/Http/Controllers/Api/MeController->me(Object(Illuminate/Http/Request))
#13 D:/SahilThakur/phpreactjsnewproject/finalgitpush/karmabackend/vendor/laravel/framework/src/Illuminate/Routing/Route.php(266): Illuminate/Routing/ControllerDispatcher->dispatch(Object(Illuminate/Routing/Route), Object(App/Http/Controllers/Api/MeController), 'me')
#14 D:/SahilThakur/phpreactjsnewproject/finalgitpush/karmabackend/vendor/laravel/framework/src/Illuminate/Routing/Route.php(212): Illuminate/Routing/Route->runController()
#15 D:/SahilThakur/phpreactjsnewproject/finalgitpush/karmabackend/vendor/laravel/framework/src/Illuminate/Routing/Router.php(808): Illuminate/Routing/Route->run()
#16 D:/SahilThakur/phpreactjsnewproject/finalgitpush/karmabackend/vendor/laravel/framework/src/Illuminate/Pipeline/Pipeline.php(170): Illuminate/Routing/Router->Illuminate/Routing/{closure}(Object(Illuminate/Http/Request))
#17 D:/SahilThakur/phpreactjsnewproject/finalgitpush/karmabackend/app/Http/Middleware/ResolveTenant.php(48): Illuminate/Pipeline/Pipeline->Illuminate/Pipeline/{closure}(Object(Illuminate/Http/Request))
#18 D:/SahilThakur/phpreactjsnewproject/finalgitpush/karmabackend/vendor/laravel/framework/src/Illuminate/Pipeline/Pipeline.php(209): App/Http/Middleware/ResolveTenant->handle(Object(Illuminate/Http/Request), Object(Closure))
#19 D:/SahilThakur/phpreactjsnewproject/finalgitpush/karmabackend/vendor/laravel/framework/src/Illuminate/Routing/Middleware/SubstituteBindings.php(51): Illuminate/Pipeline/Pipeline->Illuminate/Pipeline/{closure}(Object(Illuminate/Http/Request))
#20 D:/SahilThakur/phpreactjsnewproject/finalgitpush/karmabackend/vendor/laravel/framework/src/Illuminate/Pipeline/Pipeline.php(209): Illuminate/Routing/Middleware/SubstituteBindings->handle(Object(Illuminate/Http/Request), Object(Closure))
#21 D:/SahilThakur/phpreactjsnewproject/finalgitpush/karmabackend/vendor/laravel/framework/src/Illuminate/Routing/Middleware/ThrottleRequests.php(161): Illuminate/Pipeline/Pipeline->Illuminate/Pipeline/{closure}(Object(Illuminate/Http/Request))
#22 D:/SahilThakur/phpreactjsnewproject/finalgitpush/karmabackend/vendor/laravel/framework/src/Illuminate/Routing/Middleware/ThrottleRequests.php(127): Illuminate/Routing/Middleware/ThrottleRequests->handleRequest(Object(Illuminate/Http/Request), Object(Closure), Array)
#23 D:/SahilThakur/phpreactjsnewproject/finalgitpush/karmabackend/vendor/laravel/framework/src/Illuminate/Routing/Middleware/ThrottleRequests.php(89): Illuminate/Routing/Middleware/ThrottleRequests->handleRequestUsingNamedLimiter(Object(Illuminate/Http/Request), Object(Closure), 'api', Object(Closure))
#24 D:/SahilThakur/phpreactjsnewproject/finalgitpush/karmabackend/vendor/laravel/framework/src/Illuminate/Pipeline/Pipeline.php(209): Illuminate/Routing/Middleware/ThrottleRequests->handle(Object(Illuminate/Http/Request), Object(Closure), 'api')
#25 D:/SahilThakur/phpreactjsnewproject/finalgitpush/karmabackend/vendor/laravel/framework/src/Illuminate/Auth/Middleware/Authenticate.php(64): Illuminate/Pipeline/Pipeline->Illuminate/Pipeline/{closure}(Object(Illuminate/Http/Request))
#26 D:/SahilThakur/phpreactjsnewproject/finalgitpush/karmabackend/vendor/laravel/framework/src/Illuminate/Pipeline/Pipeline.php(209): Illuminate/Auth/Middleware/Authenticate->handle(Object(Illuminate/Http/Request), Object(Closure), 'sanctum')
#27 D:/SahilThakur/phpreactjsnewproject/finalgitpush/karmabackend/app/Http/Middleware/SecurityHeaders.php(14): Illuminate/Pipeline/Pipeline->Illuminate/Pipeline/{closure}(Object(Illuminate/Http/Request))
#28 D:/SahilThakur/phpreactjsnewproject/finalgitpush/karmabackend/vendor/laravel/framework/src/Illuminate/Pipeline/Pipeline.php(209): App/Http/Middleware/SecurityHeaders->handle(Object(Illuminate/Http/Request), Object(Closure))
#29 D:/SahilThakur/phpreactjsnewproject/finalgitpush/karmabackend/app/Http/Middleware/LogContext.php(27): Illuminate/Pipeline/Pipeline->Illuminate/Pipeline/{closure}(Object(Illuminate/Http/Request))
#30 D:/SahilThakur/phpreactjsnewproject/finalgitpush/karmabackend/vendor/laravel/framework/src/Illuminate/Pipeline/Pipeline.php(209): App/Http/Middleware/LogContext->handle(Object(Illuminate/Http/Request), Object(Closure))
#31 D:/SahilThakur/phpreactjsnewproject/finalgitpush/karmabackend/app/Http/Middleware/AddRequestId.php(18): Illuminate/Pipeline/Pipeline->Illuminate/Pipeline/{closure}(Object(Illuminate/Http/Request))
#32 D:/SahilThakur/phpreactjsnewproject/finalgitpush/karmabackend/vendor/laravel/framework/src/Illuminate/Pipeline/Pipeline.php(209): App/Http/Middleware/AddRequestId->handle(Object(Illuminate/Http/Request), Object(Closure))
#33 D:/SahilThakur/phpreactjsnewproject/finalgitpush/karmabackend/vendor/laravel/sanctum/src/Http/Middleware/EnsureFrontendRequestsAreStateful.php(26): Illuminate/Pipeline/Pipeline->Illuminate/Pipeline/{closure}(Object(Illuminate/Http/Request))
#34 D:/SahilThakur/phpreactjsnewproject/finalgitpush/karmabackend/vendor/laravel/framework/src/Illuminate/Pipeline/Pipeline.php(170): Laravel/Sanctum/Http/Middleware/EnsureFrontendRequestsAreStateful->Laravel/Sanctum/Http/Middleware/{closure}(Object(Illuminate/Http/Request))
#35 D:/SahilThakur/phpreactjsnewproject/finalgitpush/karmabackend/vendor/laravel/framework/src/Illuminate/Pipeline/Pipeline.php(127): Illuminate/Pipeline/Pipeline->Illuminate/Pipeline/{closure}(Object(Illuminate/Http/Request))
#36 D:/SahilThakur/phpreactjsnewproject/finalgitpush/karmabackend/vendor/laravel/sanctum/src/Http/Middleware/EnsureFrontendRequestsAreStateful.php(25): Illuminate/Pipeline/Pipeline->then(Object(Closure))
#37 D:/SahilThakur/phpreactjsnewproject/finalgitpush/karmabackend/vendor/laravel/framework/src/Illuminate/Pipeline/Pipeline.php(209): Laravel/Sanctum/Http/Middleware/EnsureFrontendRequestsAreStateful->handle(Object(Illuminate/Http/Request), Object(Closure))
#38 D:/SahilThakur/phpreactjsnewproject/finalgitpush/karmabackend/vendor/laravel/framework/src/Illuminate/Pipeline/Pipeline.php(127): Illuminate/Pipeline/Pipeline->Illuminate/Pipeline/{closure}(Object(Illuminate/Http/Request))
#39 D:/SahilThakur/phpreactjsnewproject/finalgitpush/karmabackend/vendor/laravel/framework/src/Illuminate/Routing/Router.php(807): Illuminate/Pipeline/Pipeline->then(Object(Closure))
#40 D:/SahilThakur/phpreactjsnewproject/finalgitpush/karmabackend/vendor/laravel/framework/src/Illuminate/Routing/Router.php(786): Illuminate/Routing/Router->runRouteWithinStack(Object(Illuminate/Routing/Route), Object(Illuminate/Http/Request))
#41 D:/SahilThakur/phpreactjsnewproject/finalgitpush/karmabackend/vendor/laravel/framework/src/Illuminate/Routing/Router.php(750): Illuminate/Routing/Router->runRoute(Object(Illuminate/Http/Request), Object(Illuminate/Routing/Route))
#42 D:/SahilThakur/phpreactjsnewproject/finalgitpush/karmabackend/vendor/laravel/framework/src/Illuminate/Routing/Router.php(739): Illuminate/Routing/Router->dispatchToRoute(Object(Illuminate/Http/Request))
#43 D:/SahilThakur/phpreactjsnewproject/finalgitpush/karmabackend/vendor/laravel/framework/src/Illuminate/Foundation/Http/Kernel.php(201): Illuminate/Routing/Router->dispatch(Object(Illuminate/Http/Request))
#44 D:/SahilThakur/phpreactjsnewproject/finalgitpush/karmabackend/vendor/laravel/framework/src/Illuminate/Pipeline/Pipeline.php(170): Illuminate/Foundation/Http/Kernel->Illuminate/Foundation/Http/{closure}(Object(Illuminate/Http/Request))
#45 D:/SahilThakur/phpreactjsnewproject/finalgitpush/karmabackend/vendor/laravel/framework/src/Illuminate/Foundation/Http/Middleware/TransformsRequest.php(21): Illuminate/Pipeline/Pipeline->Illuminate/Pipeline/{closure}(Object(Illuminate/Http/Request))
#46 D:/SahilThakur/phpreactjsnewproject/finalgitpush/karmabackend/vendor/laravel/framework/src/Illuminate/Foundation/Http/Middleware/ConvertEmptyStringsToNull.php(31): Illuminate/Foundation/Http/Middleware/TransformsRequest->handle(Object(Illuminate/Http/Request), Object(Closure))
#47 D:/SahilThakur/phpreactjsnewproject/finalgitpush/karmabackend/vendor/laravel/framework/src/Illuminate/Pipeline/Pipeline.php(209): Illuminate/Foundation/Http/Middleware/ConvertEmptyStringsToNull->handle(Object(Illuminate/Http/Request), Object(Closure))
#48 D:/SahilThakur/phpreactjsnewproject/finalgitpush/karmabackend/vendor/laravel/framework/src/Illuminate/Foundation/Http/Middleware/TransformsRequest.php(21): Illuminate/Pipeline/Pipeline->Illuminate/Pipeline/{closure}(Object(Illuminate/Http/Request))
#49 D:/SahilThakur/phpreactjsnewproject/finalgitpush/karmabackend/vendor/laravel/framework/src/Illuminate/Foundation/Http/Middleware/TrimStrings.php(51): Illuminate/Foundation/Http/Middleware/TransformsRequest->handle(Object(Illuminate/Http/Request), Object(Closure))
#50 D:/SahilThakur/phpreactjsnewproject/finalgitpush/karmabackend/vendor/laravel/framework/src/Illuminate/Pipeline/Pipeline.php(209): Illuminate/Foundation/Http/Middleware/TrimStrings->handle(Object(Illuminate/Http/Request), Object(Closure))
#51 D:/SahilThakur/phpreactjsnewproject/finalgitpush/karmabackend/vendor/laravel/framework/src/Illuminate/Http/Middleware/ValidatePostSize.php(27): Illuminate/Pipeline/Pipeline->Illuminate/Pipeline/{closure}(Object(Illuminate/Http/Request))
#52 D:/SahilThakur/phpreactjsnewproject/finalgitpush/karmabackend/vendor/laravel/framework/src/Illuminate/Pipeline/Pipeline.php(209): Illuminate/Http/Middleware/ValidatePostSize->handle(Object(Illuminate/Http/Request), Object(Closure))
#53 D:/SahilThakur/phpreactjsnewproject/finalgitpush/karmabackend/vendor/laravel/framework/src/Illuminate/Foundation/Http/Middleware/PreventRequestsDuringMaintenance.php(110): Illuminate/Pipeline/Pipeline->Illuminate/Pipeline/{closure}(Object(Illuminate/Http/Request))
#54 D:/SahilThakur/phpreactjsnewproject/finalgitpush/karmabackend/vendor/laravel/framework/src/Illuminate/Pipeline/Pipeline.php(209): Illuminate/Foundation/Http/Middleware/PreventRequestsDuringMaintenance->handle(Object(Illuminate/Http/Request), Object(Closure))
#55 D:/SahilThakur/phpreactjsnewproject/finalgitpush/karmabackend/vendor/laravel/framework/src/Illuminate/Http/Middleware/HandleCors.php(62): Illuminate/Pipeline/Pipeline->Illuminate/Pipeline/{closure}(Object(Illuminate/Http/Request))
#56 D:/SahilThakur/phpreactjsnewproject/finalgitpush/karmabackend/vendor/laravel/framework/src/Illuminate/Pipeline/Pipeline.php(209): Illuminate/Http/Middleware/HandleCors->handle(Object(Illuminate/Http/Request), Object(Closure))
#57 D:/SahilThakur/phpreactjsnewproject/finalgitpush/karmabackend/vendor/laravel/framework/src/Illuminate/Http/Middleware/TrustProxies.php(58): Illuminate/Pipeline/Pipeline->Illuminate/Pipeline/{closure}(Object(Illuminate/Http/Request))
#58 D:/SahilThakur/phpreactjsnewproject/finalgitpush/karmabackend/vendor/laravel/framework/src/Illuminate/Pipeline/Pipeline.php(209): Illuminate/Http/Middleware/TrustProxies->handle(Object(Illuminate/Http/Request), Object(Closure))
#59 D:/SahilThakur/phpreactjsnewproject/finalgitpush/karmabackend/vendor/laravel/framework/src/Illuminate/Foundation/Http/Middleware/InvokeDeferredCallbacks.php(22): Illuminate/Pipeline/Pipeline->Illuminate/Pipeline/{closure}(Object(Illuminate/Http/Request))
#60 D:/SahilThakur/phpreactjsnewproject/finalgitpush/karmabackend/vendor/laravel/framework/src/Illuminate/Pipeline/Pipeline.php(209): Illuminate/Foundation/Http/Middleware/InvokeDeferredCallbacks->handle(Object(Illuminate/Http/Request), Object(Closure))
#61 D:/SahilThakur/phpreactjsnewproject/finalgitpush/karmabackend/vendor/laravel/framework/src/Illuminate/Pipeline/Pipeline.php(127): Illuminate/Pipeline/Pipeline->Illuminate/Pipeline/{closure}(Object(Illuminate/Http/Request))
#62 D:/SahilThakur/phpreactjsnewproject/finalgitpush/karmabackend/vendor/laravel/framework/src/Illuminate/Foundation/Http/Kernel.php(176): Illuminate/Pipeline/Pipeline->then(Object(Closure))
#63 D:/SahilThakur/phpreactjsnewproject/finalgitpush/karmabackend/vendor/laravel/framework/src/Illuminate/Foundation/Http/Kernel.php(145): Illuminate/Foundation/Http/Kernel->sendRequestThroughRouter(Object(Illuminate/Http/Request))
#64 D:/SahilThakur/phpreactjsnewproject/finalgitpush/karmabackend/vendor/laravel/framework/src/Illuminate/Foundation/Application.php(1220): Illuminate/Foundation/Http/Kernel->handle(Object(Illuminate/Http/Request))
#65 D:/SahilThakur/phpreactjsnewproject/finalgitpush/karmabackend/public/index.php(11): Illuminate/Foundation/Application->handleRequest(Object(Illuminate/Http/Request))
#66 D:/SahilThakur/phpreactjsnewproject/finalgitpush/karmabackend/vendor/laravel/framework/src/Illuminate/Foundation/resources/server.php(23): require_once('D://SahilThakur//...')
#67 {main}
"} 
[2026-03-12 06:18:26] local.ERROR: SQLSTATE[42703]: Undefined column: 7 ERROR:  column "status" does not exist
LINE 1: ...ps" where "tenant_id" = $1 and "user_id" = $2 and "status" =...
                                                             ^ (Connection: pgsql, SQL: select * from "tenant_memberships" where "tenant_id" = 1 and "user_id" = 1 and "status" = active limit 1) {"tenant_id":null,"user_id":1,"request_id":"75032525-1382-431e-92e7-ee51dbc9d21f","userId":1,"exception":"[object] (Illuminate\\Database\\QueryException(code: 42703): SQLSTATE[42703]: Undefined column: 7 ERROR:  column \"status\" does not exist
LINE 1: ...ps\" where \"tenant_id\" = $1 and \"user_id\" = $2 and \"status\" =...
                                                             ^ (Connection: pgsql, SQL: select * from \"tenant_memberships\" where \"tenant_id\" = 1 and \"user_id\" = 1 and \"status\" = active limit 1) at D:/SahilThakur/phpreactjsnewproject/finalgitpush/karmabackend/vendor/laravel/framework/src/Illuminate/Database/Connection.php:825)
[stacktrace]
#0 D:/SahilThakur/phpreactjsnewproject/finalgitpush/karmabackend/vendor/laravel/framework/src/Illuminate/Database/Connection.php(779): Illuminate/Database/Connection->runQueryCallback('select * from \"...', Array, Object(Closure))
#1 D:/SahilThakur/phpreactjsnewproject/finalgitpush/karmabackend/vendor/laravel/framework/src/Illuminate/Database/Connection.php(398): Illuminate/Database/Connection->run('select * from \"...', Array, Object(Closure))
#2 D:/SahilThakur/phpreactjsnewproject/finalgitpush/karmabackend/vendor/laravel/framework/src/Illuminate/Database/Query/Builder.php(3106): Illuminate/Database/Connection->select('select * from \"...', Array, true)
#3 D:/SahilThakur/phpreactjsnewproject/finalgitpush/karmabackend/vendor/laravel/framework/src/Illuminate/Database/Query/Builder.php(3091): Illuminate/Database/Query/Builder->runSelect()
#4 D:/SahilThakur/phpreactjsnewproject/finalgitpush/karmabackend/vendor/laravel/framework/src/Illuminate/Database/Query/Builder.php(3676): Illuminate/Database/Query/Builder->Illuminate/Database/Query/{closure}()
#5 D:/SahilThakur/phpreactjsnewproject/finalgitpush/karmabackend/vendor/laravel/framework/src/Illuminate/Database/Query/Builder.php(3090): Illuminate/Database/Query/Builder->onceWithColumns(Array, Object(Closure))
#6 D:/SahilThakur/phpreactjsnewproject/finalgitpush/karmabackend/vendor/laravel/framework/src/Illuminate/Database/Eloquent/Builder.php(811): Illuminate/Database/Query/Builder->get(Array)
#7 D:/SahilThakur/phpreactjsnewproject/finalgitpush/karmabackend/vendor/laravel/framework/src/Illuminate/Database/Eloquent/Builder.php(793): Illuminate/Database/Eloquent/Builder->getModels(Array)
#8 D:/SahilThakur/phpreactjsnewproject/finalgitpush/karmabackend/vendor/laravel/framework/src/Illuminate/Database/Concerns/BuildsQueries.php(343): Illuminate/Database/Eloquent/Builder->get(Array)
#9 D:/SahilThakur/phpreactjsnewproject/finalgitpush/karmabackend/app/Http/Middleware/RequireTenantMembership.php(23): Illuminate/Database/Eloquent/Builder->first()
#10 D:/SahilThakur/phpreactjsnewproject/finalgitpush/karmabackend/vendor/laravel/framework/src/Illuminate/Pipeline/Pipeline.php(209): App/Http/Middleware/RequireTenantMembership->handle(Object(Illuminate/Http/Request), Object(Closure))
#11 D:/SahilThakur/phpreactjsnewproject/finalgitpush/karmabackend/app/Http/Middleware/ResolveTenant.php(48): Illuminate/Pipeline/Pipeline->Illuminate/Pipeline/{closure}(Object(Illuminate/Http/Request))
#12 D:/SahilThakur/phpreactjsnewproject/finalgitpush/karmabackend/vendor/laravel/framework/src/Illuminate/Pipeline/Pipeline.php(209): App/Http/Middleware/ResolveTenant->handle(Object(Illuminate/Http/Request), Object(Closure))
#13 D:/SahilThakur/phpreactjsnewproject/finalgitpush/karmabackend/vendor/laravel/framework/src/Illuminate/Routing/Middleware/SubstituteBindings.php(51): Illuminate/Pipeline/Pipeline->Illuminate/Pipeline/{closure}(Object(Illuminate/Http/Request))
#14 D:/SahilThakur/phpreactjsnewproject/finalgitpush/karmabackend/vendor/laravel/framework/src/Illuminate/Pipeline/Pipeline.php(209): Illuminate/Routing/Middleware/SubstituteBindings->handle(Object(Illuminate/Http/Request), Object(Closure))
#15 D:/SahilThakur/phpreactjsnewproject/finalgitpush/karmabackend/vendor/laravel/framework/src/Illuminate/Routing/Middleware/ThrottleRequests.php(161): Illuminate/Pipeline/Pipeline->Illuminate/Pipeline/{closure}(Object(Illuminate/Http/Request))
#16 D:/SahilThakur/phpreactjsnewproject/finalgitpush/karmabackend/vendor/laravel/framework/src/Illuminate/Routing/Middleware/ThrottleRequests.php(127): Illuminate/Routing/Middleware/ThrottleRequests->handleRequest(Object(Illuminate/Http/Request), Object(Closure), Array)
#17 D:/SahilThakur/phpreactjsnewproject/finalgitpush/karmabackend/vendor/laravel/framework/src/Illuminate/Routing/Middleware/ThrottleRequests.php(89): Illuminate/Routing/Middleware/ThrottleRequests->handleRequestUsingNamedLimiter(Object(Illuminate/Http/Request), Object(Closure), 'api', Object(Closure))
#18 D:/SahilThakur/phpreactjsnewproject/finalgitpush/karmabackend/vendor/laravel/framework/src/Illuminate/Pipeline/Pipeline.php(209): Illuminate/Routing/Middleware/ThrottleRequests->handle(Object(Illuminate/Http/Request), Object(Closure), 'api')
#19 D:/SahilThakur/phpreactjsnewproject/finalgitpush/karmabackend/vendor/laravel/framework/src/Illuminate/Auth/Middleware/Authenticate.php(64): Illuminate/Pipeline/Pipeline->Illuminate/Pipeline/{closure}(Object(Illuminate/Http/Request))
#20 D:/SahilThakur/phpreactjsnewproject/finalgitpush/karmabackend/vendor/laravel/framework/src/Illuminate/Pipeline/Pipeline.php(209): Illuminate/Auth/Middleware/Authenticate->handle(Object(Illuminate/Http/Request), Object(Closure), 'sanctum')
#21 D:/SahilThakur/phpreactjsnewproject/finalgitpush/karmabackend/app/Http/Middleware/SecurityHeaders.php(14): Illuminate/Pipeline/Pipeline->Illuminate/Pipeline/{closure}(Object(Illuminate/Http/Request))
#22 D:/SahilThakur/phpreactjsnewproject/finalgitpush/karmabackend/vendor/laravel/framework/src/Illuminate/Pipeline/Pipeline.php(209): App/Http/Middleware/SecurityHeaders->handle(Object(Illuminate/Http/Request), Object(Closure))
#23 D:/SahilThakur/phpreactjsnewproject/finalgitpush/karmabackend/app/Http/Middleware/LogContext.php(27): Illuminate/Pipeline/Pipeline->Illuminate/Pipeline/{closure}(Object(Illuminate/Http/Request))
#24 D:/SahilThakur/phpreactjsnewproject/finalgitpush/karmabackend/vendor/laravel/framework/src/Illuminate/Pipeline/Pipeline.php(209): App/Http/Middleware/LogContext->handle(Object(Illuminate/Http/Request), Object(Closure))
#25 D:/SahilThakur/phpreactjsnewproject/finalgitpush/karmabackend/app/Http/Middleware/AddRequestId.php(18): Illuminate/Pipeline/Pipeline->Illuminate/Pipeline/{closure}(Object(Illuminate/Http/Request))
#26 D:/SahilThakur/phpreactjsnewproject/finalgitpush/karmabackend/vendor/laravel/framework/src/Illuminate/Pipeline/Pipeline.php(209): App/Http/Middleware/AddRequestId->handle(Object(Illuminate/Http/Request), Object(Closure))
#27 D:/SahilThakur/phpreactjsnewproject/finalgitpush/karmabackend/vendor/laravel/sanctum/src/Http/Middleware/EnsureFrontendRequestsAreStateful.php(26): Illuminate/Pipeline/Pipeline->Illuminate/Pipeline/{closure}(Object(Illuminate/Http/Request))
#28 D:/SahilThakur/phpreactjsnewproject/finalgitpush/karmabackend/vendor/laravel/framework/src/Illuminate/Pipeline/Pipeline.php(170): Laravel/Sanctum/Http/Middleware/EnsureFrontendRequestsAreStateful->Laravel/Sanctum/Http/Middleware/{closure}(Object(Illuminate/Http/Request))
#29 D:/SahilThakur/phpreactjsnewproject/finalgitpush/karmabackend/vendor/laravel/framework/src/Illuminate/Pipeline/Pipeline.php(127): Illuminate/Pipeline/Pipeline->Illuminate/Pipeline/{closure}(Object(Illuminate/Http/Request))
#30 D:/SahilThakur/phpreactjsnewproject/finalgitpush/karmabackend/vendor/laravel/sanctum/src/Http/Middleware/EnsureFrontendRequestsAreStateful.php(25): Illuminate/Pipeline/Pipeline->then(Object(Closure))
#31 D:/SahilThakur/phpreactjsnewproject/finalgitpush/karmabackend/vendor/laravel/framework/src/Illuminate/Pipeline/Pipeline.php(209): Laravel/Sanctum/Http/Middleware/EnsureFrontendRequestsAreStateful->handle(Object(Illuminate/Http/Request), Object(Closure))
#32 D:/SahilThakur/phpreactjsnewproject/finalgitpush/karmabackend/vendor/laravel/framework/src/Illuminate/Pipeline/Pipeline.php(127): Illuminate/Pipeline/Pipeline->Illuminate/Pipeline/{closure}(Object(Illuminate/Http/Request))
#33 D:/SahilThakur/phpreactjsnewproject/finalgitpush/karmabackend/vendor/laravel/framework/src/Illuminate/Routing/Router.php(807): Illuminate/Pipeline/Pipeline->then(Object(Closure))
#34 D:/SahilThakur/phpreactjsnewproject/finalgitpush/karmabackend/vendor/laravel/framework/src/Illuminate/Routing/Router.php(786): Illuminate/Routing/Router->runRouteWithinStack(Object(Illuminate/Routing/Route), Object(Illuminate/Http/Request))
#35 D:/SahilThakur/phpreactjsnewproject/finalgitpush/karmabackend/vendor/laravel/framework/src/Illuminate/Routing/Router.php(750): Illuminate/Routing/Router->runRoute(Object(Illuminate/Http/Request), Object(Illuminate/Routing/Route))
#36 D:/SahilThakur/phpreactjsnewproject/finalgitpush/karmabackend/vendor/laravel/framework/src/Illuminate/Routing/Router.php(739): Illuminate/Routing/Router->dispatchToRoute(Object(Illuminate/Http/Request))
#37 D:/SahilThakur/phpreactjsnewproject/finalgitpush/karmabackend/vendor/laravel/framework/src/Illuminate/Foundation/Http/Kernel.php(201): Illuminate/Routing/Router->dispatch(Object(Illuminate/Http/Request))
#38 D:/SahilThakur/phpreactjsnewproject/finalgitpush/karmabackend/vendor/laravel/framework/src/Illuminate/Pipeline/Pipeline.php(170): Illuminate/Foundation/Http/Kernel->Illuminate/Foundation/Http/{closure}(Object(Illuminate/Http/Request))
#39 D:/SahilThakur/phpreactjsnewproject/finalgitpush/karmabackend/vendor/laravel/framework/src/Illuminate/Foundation/Http/Middleware/TransformsRequest.php(21): Illuminate/Pipeline/Pipeline->Illuminate/Pipeline/{closure}(Object(Illuminate/Http/Request))
#40 D:/SahilThakur/phpreactjsnewproject/finalgitpush/karmabackend/vendor/laravel/framework/src/Illuminate/Foundation/Http/Middleware/ConvertEmptyStringsToNull.php(31): Illuminate/Foundation/Http/Middleware/TransformsRequest->handle(Object(Illuminate/Http/Request), Object(Closure))
#41 D:/SahilThakur/phpreactjsnewproject/finalgitpush/karmabackend/vendor/laravel/framework/src/Illuminate/Pipeline/Pipeline.php(209): Illuminate/Foundation/Http/Middleware/ConvertEmptyStringsToNull->handle(Object(Illuminate/Http/Request), Object(Closure))
#42 D:/SahilThakur/phpreactjsnewproject/finalgitpush/karmabackend/vendor/laravel/framework/src/Illuminate/Foundation/Http/Middleware/TransformsRequest.php(21): Illuminate/Pipeline/Pipeline->Illuminate/Pipeline/{closure}(Object(Illuminate/Http/Request))
#43 D:/SahilThakur/phpreactjsnewproject/finalgitpush/karmabackend/vendor/laravel/framework/src/Illuminate/Foundation/Http/Middleware/TrimStrings.php(51): Illuminate/Foundation/Http/Middleware/TransformsRequest->handle(Object(Illuminate/Http/Request), Object(Closure))
#44 D:/SahilThakur/phpreactjsnewproject/finalgitpush/karmabackend/vendor/laravel/framework/src/Illuminate/Pipeline/Pipeline.php(209): Illuminate/Foundation/Http/Middleware/TrimStrings->handle(Object(Illuminate/Http/Request), Object(Closure))
#45 D:/SahilThakur/phpreactjsnewproject/finalgitpush/karmabackend/vendor/laravel/framework/src/Illuminate/Http/Middleware/ValidatePostSize.php(27): Illuminate/Pipeline/Pipeline->Illuminate/Pipeline/{closure}(Object(Illuminate/Http/Request))
#46 D:/SahilThakur/phpreactjsnewproject/finalgitpush/karmabackend/vendor/laravel/framework/src/Illuminate/Pipeline/Pipeline.php(209): Illuminate/Http/Middleware/ValidatePostSize->handle(Object(Illuminate/Http/Request), Object(Closure))
#47 D:/SahilThakur/phpreactjsnewproject/finalgitpush/karmabackend/vendor/laravel/framework/src/Illuminate/Foundation/Http/Middleware/PreventRequestsDuringMaintenance.php(110): Illuminate/Pipeline/Pipeline->Illuminate/Pipeline/{closure}(Object(Illuminate/Http/Request))
#48 D:/SahilThakur/phpreactjsnewproject/finalgitpush/karmabackend/vendor/laravel/framework/src/Illuminate/Pipeline/Pipeline.php(209): Illuminate/Foundation/Http/Middleware/PreventRequestsDuringMaintenance->handle(Object(Illuminate/Http/Request), Object(Closure))
#49 D:/SahilThakur/phpreactjsnewproject/finalgitpush/karmabackend/vendor/laravel/framework/src/Illuminate/Http/Middleware/HandleCors.php(62): Illuminate/Pipeline/Pipeline->Illuminate/Pipeline/{closure}(Object(Illuminate/Http/Request))
#50 D:/SahilThakur/phpreactjsnewproject/finalgitpush/karmabackend/vendor/laravel/framework/src/Illuminate/Pipeline/Pipeline.php(209): Illuminate/Http/Middleware/HandleCors->handle(Object(Illuminate/Http/Request), Object(Closure))
#51 D:/SahilThakur/phpreactjsnewproject/finalgitpush/karmabackend/vendor/laravel/framework/src/Illuminate/Http/Middleware/TrustProxies.php(58): Illuminate/Pipeline/Pipeline->Illuminate/Pipeline/{closure}(Object(Illuminate/Http/Request))
#52 D:/SahilThakur/phpreactjsnewproject/finalgitpush/karmabackend/vendor/laravel/framework/src/Illuminate/Pipeline/Pipeline.php(209): Illuminate/Http/Middleware/TrustProxies->handle(Object(Illuminate/Http/Request), Object(Closure))
#53 D:/SahilThakur/phpreactjsnewproject/finalgitpush/karmabackend/vendor/laravel/framework/src/Illuminate/Foundation/Http/Middleware/InvokeDeferredCallbacks.php(22): Illuminate/Pipeline/Pipeline->Illuminate/Pipeline/{closure}(Object(Illuminate/Http/Request))
#54 D:/SahilThakur/phpreactjsnewproject/finalgitpush/karmabackend/vendor/laravel/framework/src/Illuminate/Pipeline/Pipeline.php(209): Illuminate/Foundation/Http/Middleware/InvokeDeferredCallbacks->handle(Object(Illuminate/Http/Request), Object(Closure))
#55 D:/SahilThakur/phpreactjsnewproject/finalgitpush/karmabackend/vendor/laravel/framework/src/Illuminate/Pipeline/Pipeline.php(127): Illuminate/Pipeline/Pipeline->Illuminate/Pipeline/{closure}(Object(Illuminate/Http/Request))
#56 D:/SahilThakur/phpreactjsnewproject/finalgitpush/karmabackend/vendor/laravel/framework/src/Illuminate/Foundation/Http/Kernel.php(176): Illuminate/Pipeline/Pipeline->then(Object(Closure))
#57 D:/SahilThakur/phpreactjsnewproject/finalgitpush/karmabackend/vendor/laravel/framework/src/Illuminate/Foundation/Http/Kernel.php(145): Illuminate/Foundation/Http/Kernel->sendRequestThroughRouter(Object(Illuminate/Http/Request))
#58 D:/SahilThakur/phpreactjsnewproject/finalgitpush/karmabackend/vendor/laravel/framework/src/Illuminate/Foundation/Application.php(1220): Illuminate/Foundation/Http/Kernel->handle(Object(Illuminate/Http/Request))
#59 D:/SahilThakur/phpreactjsnewproject/finalgitpush/karmabackend/public/index.php(11): Illuminate/Foundation/Application->handleRequest(Object(Illuminate/Http/Request))
#60 D:/SahilThakur/phpreactjsnewproject/finalgitpush/karmabackend/vendor/laravel/framework/src/Illuminate/Foundation/resources/server.php(23): require_once('D://SahilThakur//...')
#61 {main}

[previous exception] [object] (PDOException(code: 42703): SQLSTATE[42703]: Undefined column: 7 ERROR:  column \"status\" does not exist
LINE 1: ...ps\" where \"tenant_id\" = $1 and \"user_id\" = $2 and \"status\" =...
                                                             ^ at D:/SahilThakur/phpreactjsnewproject/finalgitpush/karmabackend/vendor/laravel/framework/src/Illuminate/Database/Connection.php:412)
[stacktrace]
#0 D:/SahilThakur/phpreactjsnewproject/finalgitpush/karmabackend/vendor/laravel/framework/src/Illuminate/Database/Connection.php(412): PDOStatement->execute()
#1 D:/SahilThakur/phpreactjsnewproject/finalgitpush/karmabackend/vendor/laravel/framework/src/Illuminate/Database/Connection.php(812): Illuminate/Database/Connection->Illuminate/Database/{closure}('select * from \"...', Array)
#2 D:/SahilThakur/phpreactjsnewproject/finalgitpush/karmabackend/vendor/laravel/framework/src/Illuminate/Database/Connection.php(779): Illuminate/Database/Connection->runQueryCallback('select * from \"...', Array, Object(Closure))
#3 D:/SahilThakur/phpreactjsnewproject/finalgitpush/karmabackend/vendor/laravel/framework/src/Illuminate/Database/Connection.php(398): Illuminate/Database/Connection->run('select * from \"...', Array, Object(Closure))
#4 D:/SahilThakur/phpreactjsnewproject/finalgitpush/karmabackend/vendor/laravel/framework/src/Illuminate/Database/Query/Builder.php(3106): Illuminate/Database/Connection->select('select * from \"...', Array, true)
#5 D:/SahilThakur/phpreactjsnewproject/finalgitpush/karmabackend/vendor/laravel/framework/src/Illuminate/Database/Query/Builder.php(3091): Illuminate/Database/Query/Builder->runSelect()
#6 D:/SahilThakur/phpreactjsnewproject/finalgitpush/karmabackend/vendor/laravel/framework/src/Illuminate/Database/Query/Builder.php(3676): Illuminate/Database/Query/Builder->Illuminate/Database/Query/{closure}()
#7 D:/SahilThakur/phpreactjsnewproject/finalgitpush/karmabackend/vendor/laravel/framework/src/Illuminate/Database/Query/Builder.php(3090): Illuminate/Database/Query/Builder->onceWithColumns(Array, Object(Closure))
#8 D:/SahilThakur/phpreactjsnewproject/finalgitpush/karmabackend/vendor/laravel/framework/src/Illuminate/Database/Eloquent/Builder.php(811): Illuminate/Database/Query/Builder->get(Array)
#9 D:/SahilThakur/phpreactjsnewproject/finalgitpush/karmabackend/vendor/laravel/framework/src/Illuminate/Database/Eloquent/Builder.php(793): Illuminate/Database/Eloquent/Builder->getModels(Array)
#10 D:/SahilThakur/phpreactjsnewproject/finalgitpush/karmabackend/vendor/laravel/framework/src/Illuminate/Database/Concerns/BuildsQueries.php(343): Illuminate/Database/Eloquent/Builder->get(Array)
#11 D:/SahilThakur/phpreactjsnewproject/finalgitpush/karmabackend/app/Http/Middleware/RequireTenantMembership.php(23): Illuminate/Database/Eloquent/Builder->first()
#12 D:/SahilThakur/phpreactjsnewproject/finalgitpush/karmabackend/vendor/laravel/framework/src/Illuminate/Pipeline/Pipeline.php(209): App/Http/Middleware/RequireTenantMembership->handle(Object(Illuminate/Http/Request), Object(Closure))
#13 D:/SahilThakur/phpreactjsnewproject/finalgitpush/karmabackend/app/Http/Middleware/ResolveTenant.php(48): Illuminate/Pipeline/Pipeline->Illuminate/Pipeline/{closure}(Object(Illuminate/Http/Request))
#14 D:/SahilThakur/phpreactjsnewproject/finalgitpush/karmabackend/vendor/laravel/framework/src/Illuminate/Pipeline/Pipeline.php(209): App/Http/Middleware/ResolveTenant->handle(Object(Illuminate/Http/Request), Object(Closure))
#15 D:/SahilThakur/phpreactjsnewproject/finalgitpush/karmabackend/vendor/laravel/framework/src/Illuminate/Routing/Middleware/SubstituteBindings.php(51): Illuminate/Pipeline/Pipeline->Illuminate/Pipeline/{closure}(Object(Illuminate/Http/Request))
#16 D:/SahilThakur/phpreactjsnewproject/finalgitpush/karmabackend/vendor/laravel/framework/src/Illuminate/Pipeline/Pipeline.php(209): Illuminate/Routing/Middleware/SubstituteBindings->handle(Object(Illuminate/Http/Request), Object(Closure))
#17 D:/SahilThakur/phpreactjsnewproject/finalgitpush/karmabackend/vendor/laravel/framework/src/Illuminate/Routing/Middleware/ThrottleRequests.php(161): Illuminate/Pipeline/Pipeline->Illuminate/Pipeline/{closure}(Object(Illuminate/Http/Request))
#18 D:/SahilThakur/phpreactjsnewproject/finalgitpush/karmabackend/vendor/laravel/framework/src/Illuminate/Routing/Middleware/ThrottleRequests.php(127): Illuminate/Routing/Middleware/ThrottleRequests->handleRequest(Object(Illuminate/Http/Request), Object(Closure), Array)
#19 D:/SahilThakur/phpreactjsnewproject/finalgitpush/karmabackend/vendor/laravel/framework/src/Illuminate/Routing/Middleware/ThrottleRequests.php(89): Illuminate/Routing/Middleware/ThrottleRequests->handleRequestUsingNamedLimiter(Object(Illuminate/Http/Request), Object(Closure), 'api', Object(Closure))
#20 D:/SahilThakur/phpreactjsnewproject/finalgitpush/karmabackend/vendor/laravel/framework/src/Illuminate/Pipeline/Pipeline.php(209): Illuminate/Routing/Middleware/ThrottleRequests->handle(Object(Illuminate/Http/Request), Object(Closure), 'api')
#21 D:/SahilThakur/phpreactjsnewproject/finalgitpush/karmabackend/vendor/laravel/framework/src/Illuminate/Auth/Middleware/Authenticate.php(64): Illuminate/Pipeline/Pipeline->Illuminate/Pipeline/{closure}(Object(Illuminate/Http/Request))
#22 D:/SahilThakur/phpreactjsnewproject/finalgitpush/karmabackend/vendor/laravel/framework/src/Illuminate/Pipeline/Pipeline.php(209): Illuminate/Auth/Middleware/Authenticate->handle(Object(Illuminate/Http/Request), Object(Closure), 'sanctum')
#23 D:/SahilThakur/phpreactjsnewproject/finalgitpush/karmabackend/app/Http/Middleware/SecurityHeaders.php(14): Illuminate/Pipeline/Pipeline->Illuminate/Pipeline/{closure}(Object(Illuminate/Http/Request))
#24 D:/SahilThakur/phpreactjsnewproject/finalgitpush/karmabackend/vendor/laravel/framework/src/Illuminate/Pipeline/Pipeline.php(209): App/Http/Middleware/SecurityHeaders->handle(Object(Illuminate/Http/Request), Object(Closure))
#25 D:/SahilThakur/phpreactjsnewproject/finalgitpush/karmabackend/app/Http/Middleware/LogContext.php(27): Illuminate/Pipeline/Pipeline->Illuminate/Pipeline/{closure}(Object(Illuminate/Http/Request))
#26 D:/SahilThakur/phpreactjsnewproject/finalgitpush/karmabackend/vendor/laravel/framework/src/Illuminate/Pipeline/Pipeline.php(209): App/Http/Middleware/LogContext->handle(Object(Illuminate/Http/Request), Object(Closure))
#27 D:/SahilThakur/phpreactjsnewproject/finalgitpush/karmabackend/app/Http/Middleware/AddRequestId.php(18): Illuminate/Pipeline/Pipeline->Illuminate/Pipeline/{closure}(Object(Illuminate/Http/Request))
#28 D:/SahilThakur/phpreactjsnewproject/finalgitpush/karmabackend/vendor/laravel/framework/src/Illuminate/Pipeline/Pipeline.php(209): App/Http/Middleware/AddRequestId->handle(Object(Illuminate/Http/Request), Object(Closure))
#29 D:/SahilThakur/phpreactjsnewproject/finalgitpush/karmabackend/vendor/laravel/sanctum/src/Http/Middleware/EnsureFrontendRequestsAreStateful.php(26): Illuminate/Pipeline/Pipeline->Illuminate/Pipeline/{closure}(Object(Illuminate/Http/Request))
#30 D:/SahilThakur/phpreactjsnewproject/finalgitpush/karmabackend/vendor/laravel/framework/src/Illuminate/Pipeline/Pipeline.php(170): Laravel/Sanctum/Http/Middleware/EnsureFrontendRequestsAreStateful->Laravel/Sanctum/Http/Middleware/{closure}(Object(Illuminate/Http/Request))
#31 D:/SahilThakur/phpreactjsnewproject/finalgitpush/karmabackend/vendor/laravel/framework/src/Illuminate/Pipeline/Pipeline.php(127): Illuminate/Pipeline/Pipeline->Illuminate/Pipeline/{closure}(Object(Illuminate/Http/Request))
#32 D:/SahilThakur/phpreactjsnewproject/finalgitpush/karmabackend/vendor/laravel/sanctum/src/Http/Middleware/EnsureFrontendRequestsAreStateful.php(25): Illuminate/Pipeline/Pipeline->then(Object(Closure))
#33 D:/SahilThakur/phpreactjsnewproject/finalgitpush/karmabackend/vendor/laravel/framework/src/Illuminate/Pipeline/Pipeline.php(209): Laravel/Sanctum/Http/Middleware/EnsureFrontendRequestsAreStateful->handle(Object(Illuminate/Http/Request), Object(Closure))
#34 D:/SahilThakur/phpreactjsnewproject/finalgitpush/karmabackend/vendor/laravel/framework/src/Illuminate/Pipeline/Pipeline.php(127): Illuminate/Pipeline/Pipeline->Illuminate/Pipeline/{closure}(Object(Illuminate/Http/Request))
#35 D:/SahilThakur/phpreactjsnewproject/finalgitpush/karmabackend/vendor/laravel/framework/src/Illuminate/Routing/Router.php(807): Illuminate/Pipeline/Pipeline->then(Object(Closure))
#36 D:/SahilThakur/phpreactjsnewproject/finalgitpush/karmabackend/vendor/laravel/framework/src/Illuminate/Routing/Router.php(786): Illuminate/Routing/Router->runRouteWithinStack(Object(Illuminate/Routing/Route), Object(Illuminate/Http/Request))
#37 D:/SahilThakur/phpreactjsnewproject/finalgitpush/karmabackend/vendor/laravel/framework/src/Illuminate/Routing/Router.php(750): Illuminate/Routing/Router->runRoute(Object(Illuminate/Http/Request), Object(Illuminate/Routing/Route))
#38 D:/SahilThakur/phpreactjsnewproject/finalgitpush/karmabackend/vendor/laravel/framework/src/Illuminate/Routing/Router.php(739): Illuminate/Routing/Router->dispatchToRoute(Object(Illuminate/Http/Request))
#39 D:/SahilThakur/phpreactjsnewproject/finalgitpush/karmabackend/vendor/laravel/framework/src/Illuminate/Foundation/Http/Kernel.php(201): Illuminate/Routing/Router->dispatch(Object(Illuminate/Http/Request))
#40 D:/SahilThakur/phpreactjsnewproject/finalgitpush/karmabackend/vendor/laravel/framework/src/Illuminate/Pipeline/Pipeline.php(170): Illuminate/Foundation/Http/Kernel->Illuminate/Foundation/Http/{closure}(Object(Illuminate/Http/Request))
#41 D:/SahilThakur/phpreactjsnewproject/finalgitpush/karmabackend/vendor/laravel/framework/src/Illuminate/Foundation/Http/Middleware/TransformsRequest.php(21): Illuminate/Pipeline/Pipeline->Illuminate/Pipeline/{closure}(Object(Illuminate/Http/Request))
#42 D:/SahilThakur/phpreactjsnewproject/finalgitpush/karmabackend/vendor/laravel/framework/src/Illuminate/Foundation/Http/Middleware/ConvertEmptyStringsToNull.php(31): Illuminate/Foundation/Http/Middleware/TransformsRequest->handle(Object(Illuminate/Http/Request), Object(Closure))
#43 D:/SahilThakur/phpreactjsnewproject/finalgitpush/karmabackend/vendor/laravel/framework/src/Illuminate/Pipeline/Pipeline.php(209): Illuminate/Foundation/Http/Middleware/ConvertEmptyStringsToNull->handle(Object(Illuminate/Http/Request), Object(Closure))
#44 D:/SahilThakur/phpreactjsnewproject/finalgitpush/karmabackend/vendor/laravel/framework/src/Illuminate/Foundation/Http/Middleware/TransformsRequest.php(21): Illuminate/Pipeline/Pipeline->Illuminate/Pipeline/{closure}(Object(Illuminate/Http/Request))
#45 D:/SahilThakur/phpreactjsnewproject/finalgitpush/karmabackend/vendor/laravel/framework/src/Illuminate/Foundation/Http/Middleware/TrimStrings.php(51): Illuminate/Foundation/Http/Middleware/TransformsRequest->handle(Object(Illuminate/Http/Request), Object(Closure))
#46 D:/SahilThakur/phpreactjsnewproject/finalgitpush/karmabackend/vendor/laravel/framework/src/Illuminate/Pipeline/Pipeline.php(209): Illuminate/Foundation/Http/Middleware/TrimStrings->handle(Object(Illuminate/Http/Request), Object(Closure))
#47 D:/SahilThakur/phpreactjsnewproject/finalgitpush/karmabackend/vendor/laravel/framework/src/Illuminate/Http/Middleware/ValidatePostSize.php(27): Illuminate/Pipeline/Pipeline->Illuminate/Pipeline/{closure}(Object(Illuminate/Http/Request))
#48 D:/SahilThakur/phpreactjsnewproject/finalgitpush/karmabackend/vendor/laravel/framework/src/Illuminate/Pipeline/Pipeline.php(209): Illuminate/Http/Middleware/ValidatePostSize->handle(Object(Illuminate/Http/Request), Object(Closure))
#49 D:/SahilThakur/phpreactjsnewproject/finalgitpush/karmabackend/vendor/laravel/framework/src/Illuminate/Foundation/Http/Middleware/PreventRequestsDuringMaintenance.php(110): Illuminate/Pipeline/Pipeline->Illuminate/Pipeline/{closure}(Object(Illuminate/Http/Request))
#50 D:/SahilThakur/phpreactjsnewproject/finalgitpush/karmabackend/vendor/laravel/framework/src/Illuminate/Pipeline/Pipeline.php(209): Illuminate/Foundation/Http/Middleware/PreventRequestsDuringMaintenance->handle(Object(Illuminate/Http/Request), Object(Closure))
#51 D:/SahilThakur/phpreactjsnewproject/finalgitpush/karmabackend/vendor/laravel/framework/src/Illuminate/Http/Middleware/HandleCors.php(62): Illuminate/Pipeline/Pipeline->Illuminate/Pipeline/{closure}(Object(Illuminate/Http/Request))
#52 D:/SahilThakur/phpreactjsnewproject/finalgitpush/karmabackend/vendor/laravel/framework/src/Illuminate/Pipeline/Pipeline.php(209): Illuminate/Http/Middleware/HandleCors->handle(Object(Illuminate/Http/Request), Object(Closure))
#53 D:/SahilThakur/phpreactjsnewproject/finalgitpush/karmabackend/vendor/laravel/framework/src/Illuminate/Http/Middleware/TrustProxies.php(58): Illuminate/Pipeline/Pipeline->Illuminate/Pipeline/{closure}(Object(Illuminate/Http/Request))
#54 D:/SahilThakur/phpreactjsnewproject/finalgitpush/karmabackend/vendor/laravel/framework/src/Illuminate/Pipeline/Pipeline.php(209): Illuminate/Http/Middleware/TrustProxies->handle(Object(Illuminate/Http/Request), Object(Closure))
#55 D:/SahilThakur/phpreactjsnewproject/finalgitpush/karmabackend/vendor/laravel/framework/src/Illuminate/Foundation/Http/Middleware/InvokeDeferredCallbacks.php(22): Illuminate/Pipeline/Pipeline->Illuminate/Pipeline/{closure}(Object(Illuminate/Http/Request))
#56 D:/SahilThakur/phpreactjsnewproject/finalgitpush/karmabackend/vendor/laravel/framework/src/Illuminate/Pipeline/Pipeline.php(209): Illuminate/Foundation/Http/Middleware/InvokeDeferredCallbacks->handle(Object(Illuminate/Http/Request), Object(Closure))
#57 D:/SahilThakur/phpreactjsnewproject/finalgitpush/karmabackend/vendor/laravel/framework/src/Illuminate/Pipeline/Pipeline.php(127): Illuminate/Pipeline/Pipeline->Illuminate/Pipeline/{closure}(Object(Illuminate/Http/Request))
#58 D:/SahilThakur/phpreactjsnewproject/finalgitpush/karmabackend/vendor/laravel/framework/src/Illuminate/Foundation/Http/Kernel.php(176): Illuminate/Pipeline/Pipeline->then(Object(Closure))
#59 D:/SahilThakur/phpreactjsnewproject/finalgitpush/karmabackend/vendor/laravel/framework/src/Illuminate/Foundation/Http/Kernel.php(145): Illuminate/Foundation/Http/Kernel->sendRequestThroughRouter(Object(Illuminate/Http/Request))
#60 D:/SahilThakur/phpreactjsnewproject/finalgitpush/karmabackend/vendor/laravel/framework/src/Illuminate/Foundation/Application.php(1220): Illuminate/Foundation/Http/Kernel->handle(Object(Illuminate/Http/Request))
#61 D:/SahilThakur/phpreactjsnewproject/finalgitpush/karmabackend/public/index.php(11): Illuminate/Foundation/Application->handleRequest(Object(Illuminate/Http/Request))
#62 D:/SahilThakur/phpreactjsnewproject/finalgitpush/karmabackend/vendor/laravel/framework/src/Illuminate/Foundation/resources/server.php(23): require_once('D://SahilThakur//...')
#63 {main}
"} 
[2026-03-12 06:54:54] local.ERROR: filemtime(): stat failed for D:\SahilThakur\phpreactjsnewproject\finalgitpush\karmabackend\.env {"exception":"[object] (ErrorException(code: 0): filemtime(): stat failed for D:\\SahilThakur\\phpreactjsnewproject\\finalgitpush\\karmabackend\\.env at D:/SahilThakur/phpreactjsnewproject/finalgitpush/karmabackend/vendor/laravel/framework/src/Illuminate/Foundation/Console/ServeCommand.php:138)
[stacktrace]
#0 D:/SahilThakur/phpreactjsnewproject/finalgitpush/karmabackend/vendor/laravel/framework/src/Illuminate/Foundation/Bootstrap/HandleExceptions.php(258): Illuminate/Foundation/Bootstrap/HandleExceptions->handleError(2, 'filemtime(): st...', 'D://SahilThakur//...', 138)
#1 [internal function]: Illuminate/Foundation/Bootstrap/HandleExceptions->Illuminate/Foundation/Bootstrap/{closure}(2, 'filemtime(): st...', 'D://SahilThakur//...', 138)
#2 D:/SahilThakur/phpreactjsnewproject/finalgitpush/karmabackend/vendor/laravel/framework/src/Illuminate/Foundation/Console/ServeCommand.php(138): filemtime('D://SahilThakur//...')
#3 D:/SahilThakur/phpreactjsnewproject/finalgitpush/karmabackend/vendor/laravel/framework/src/Illuminate/Container/BoundMethod.php(36): Illuminate/Foundation/Console/ServeCommand->handle()
#4 D:/SahilThakur/phpreactjsnewproject/finalgitpush/karmabackend/vendor/laravel/framework/src/Illuminate/Container/Util.php(43): Illuminate/Container/BoundMethod::Illuminate/Container/{closure}()
#5 D:/SahilThakur/phpreactjsnewproject/finalgitpush/karmabackend/vendor/laravel/framework/src/Illuminate/Container/BoundMethod.php(95): Illuminate/Container/Util::unwrapIfClosure(Object(Closure))
#6 D:/SahilThakur/phpreactjsnewproject/finalgitpush/karmabackend/vendor/laravel/framework/src/Illuminate/Container/BoundMethod.php(35): Illuminate/Container/BoundMethod::callBoundMethod(Object(Illuminate/Foundation/Application), Array, Object(Closure))
#7 D:/SahilThakur/phpreactjsnewproject/finalgitpush/karmabackend/vendor/laravel/framework/src/Illuminate/Container/Container.php(696): Illuminate/Container/BoundMethod::call(Object(Illuminate/Foundation/Application), Array, Array, NULL)
#8 D:/SahilThakur/phpreactjsnewproject/finalgitpush/karmabackend/vendor/laravel/framework/src/Illuminate/Console/Command.php(213): Illuminate/Container/Container->call(Array)
#9 D:/SahilThakur/phpreactjsnewproject/finalgitpush/karmabackend/vendor/symfony/console/Command/Command.php(341): Illuminate/Console/Command->execute(Object(Symfony/Component/Console/Input/ArgvInput), Object(Illuminate/Console/OutputStyle))
#10 D:/SahilThakur/phpreactjsnewproject/finalgitpush/karmabackend/vendor/laravel/framework/src/Illuminate/Console/Command.php(182): Symfony/Component/Console/Command/Command->run(Object(Symfony/Component/Console/Input/ArgvInput), Object(Illuminate/Console/OutputStyle))
#11 D:/SahilThakur/phpreactjsnewproject/finalgitpush/karmabackend/vendor/symfony/console/Application.php(1117): Illuminate/Console/Command->run(Object(Symfony/Component/Console/Input/ArgvInput), Object(Symfony/Component/Console/Output/ConsoleOutput))
#12 D:/SahilThakur/phpreactjsnewproject/finalgitpush/karmabackend/vendor/symfony/console/Application.php(356): Symfony/Component/Console/Application->doRunCommand(Object(Illuminate/Foundation/Console/ServeCommand), Object(Symfony/Component/Console/Input/ArgvInput), Object(Symfony/Component/Console/Output/ConsoleOutput))
#13 D:/SahilThakur/phpreactjsnewproject/finalgitpush/karmabackend/vendor/symfony/console/Application.php(195): Symfony/Component/Console/Application->doRun(Object(Symfony/Component/Console/Input/ArgvInput), Object(Symfony/Component/Console/Output/ConsoleOutput))
#14 D:/SahilThakur/phpreactjsnewproject/finalgitpush/karmabackend/vendor/laravel/framework/src/Illuminate/Foundation/Console/Kernel.php(198): Symfony/Component/Console/Application->run(Object(Symfony/Component/Console/Input/ArgvInput), Object(Symfony/Component/Console/Output/ConsoleOutput))
#15 D:/SahilThakur/phpreactjsnewproject/finalgitpush/karmabackend/artisan(12): Illuminate/Foundation/Console/Kernel->handle(Object(Symfony/Component/Console/Input/ArgvInput), Object(Symfony/Component/Console/Output/ConsoleOutput))
#16 {main}
"} 
